
// ==========================================================================
//  GPPG error listing for yacc source file <SimpleYacc.y>
// ==========================================================================
//  Version:  1.3.6
//  Machine:  DEXP
//  DateTime: 26.09.2018 12:27:38
//  UserName: User
// ==========================================================================


%{
// Ýòè îáúÿâëåíèÿ äîáàâëÿþòñÿ â êëàññ GPPGParser, ïðåäñòàâëÿþùèé ñîáîé ïàðñåð, ãåíåðèðóåìûé ñèñòåìîé gppg
    public Parser(AbstractScanner<int, LexLocation> scanner) : base(scanner) { }
%}

%output = SimpleYacc.cs

%namespace SimpleParser

%token BEGIN END CYCLE INUM RNUM ID ASSIGN SEMICOLON  WHILE DO REPEAT UNTIL FOR TO WRITE OPENPAR CLOSEPAR

%%
// Warning: Terminating write fixes the following size-1 NonTerminal set
   // {write}
// Error: NonTerminal symbol "write" has no productions
// Error: There are 1 non-terminating NonTerminal Symbols
   //  {write}
// ---------------------------------------------------------------------

progr   : block
		;

stlist	: statement 
		| stlist SEMICOLON statement 
		;

statement: assign
		| block  
		| cycle  
		| whiledo
		| repeatuntil
		| forcycle
		| write
		;

ident 	: ID 
		;
	
assign 	: ident ASSIGN expr 
		;

expr	: ident  
		| INUM 
		;

block	: BEGIN stlist END 
		;

cycle	: CYCLE expr statement 
		;

whiledo : WHILE expr DO statement
		;

repeatuntil : 
		REPEAT stlist UNTIL expr
		;

forcycle : FOR assign TO expr DO statement
		;

write : WRITE OPENPAR expr CLOSEPAR

	
%%
// Error: Syntax error, unexpected "%%"
// ------------------------------------
// ==========================================================================

