
// ==========================================================================
//  GPLEX error listing for lex source file <SimpleLex.lex>
// ==========================================================================
//  Version:  1.1.3.301
//  Machine:  USER-PC
//  DateTime: 21.09.2018 21:55:08
//  UserName: user
// ==========================================================================


%using ScannerHelper;
%namespace SimpleScanner

Alpha 	[a-zA-Z_]
Digit   [0-9] 
AlphaDigit {Alpha}|{Digit}
INTNUM  {Digit}+
REALNUM {INTNUM}\.{INTNUM}
ID {Alpha}{AlphaDigit}* 
DotChr [^\r\n]
OneLineCmnt  \/\/{DotChr}*
StrWith [^']
StrInAP \'{StrW}*\'
//---------^^^^
// Error: Unknown lexical category <StrW> 
// ---------------------------------------

// Здесь можно делать описания типов, переменных и методов - они попадают в класс Scanner
%{
  public int LexValueInt;
  public double LexValueDouble;
%}

%%
{INTNUM} { 
  LexValueInt = int.Parse(yytext);
  return (int)Tok.INUM;
}

{REALNUM} { 
  LexValueDouble = double.Parse(yytext);
  return (int)Tok.RNUM;
}

begin { 
  return (int)Tok.BEGIN;
}

end { 
  return (int)Tok.END;
}

cycle { 
  return (int)Tok.CYCLE;
}

{ID}  { 
  return (int)Tok.ID;
}

{OneLineCmnt} {
	return (int)Tok.COMMENT;
}

":" { 
  return (int)Tok.COLON;
}

":=" { 
  return (int)Tok.ASSIGN;
}

";" { 
  return (int)Tok.SEMICOLON;
}


[^ \r\n] {
	LexError();
	return 0; // конец разбора
}

%%

// Здесь можно делать описания переменных и методов - они тоже попадают в класс Scanner

public void LexError()
{
	Console.WriteLine("({0},{1}): Неизвестный символ {2}", yyline, yycol, yytext);
}

public string TokToString(Tok tok)
{
	switch (tok)
	{
		case Tok.ID:
			return tok + " " + yytext;
		case Tok.INUM:
			return tok + " " + LexValueInt;
		case Tok.RNUM:
			return tok + " " + LexValueDouble;
		default:
			return tok + "";
	}
}

// ==========================================================================

